<?xml version="1.0" encoding="utf-8"?><testsuites name="pytest tests"><testsuite name="pytest" errors="0" failures="1" skipped="0" tests="18" time="8.926" timestamp="2026-06-24T06:08:39.683423+00:00" hostname="agent-env-7c2379b6-823b-4468-a08e-6d22631a6038"><testcase classname="backend.tests.test_neighbourly_api.TestHealth" name="test_root" time="0.226" /><testcase classname="backend.tests.test_neighbourly_api.TestAuth" name="test_login_seed_user" time="0.270" /><testcase classname="backend.tests.test_neighbourly_api.TestAuth" name="test_login_wrong_password" time="0.265" /><testcase classname="backend.tests.test_neighbourly_api.TestAuth" name="test_signup_and_me" time="0.313"><failure message="AssertionError: assert 'test_fa8cc115@neighbourly.in' == 'TEST_fa8cc115@neighbourly.in'&#10;  &#10;  - TEST_fa8cc115@neighbourly.in&#10;  ? ^^^^&#10;  + test_fa8cc115@neighbourly.in&#10;  ? ^^^^">backend/tests/test_neighbourly_api.py:65: in test_signup_and_me
    assert r.json()["email"] == email
E   AssertionError: assert 'test_fa8cc115@neighbourly.in' == 'TEST_fa8cc115@neighbourly.in'
E     
E     - TEST_fa8cc115@neighbourly.in
E     ? ^^^^
E     + test_fa8cc115@neighbourly.in
E     ? ^^^^</failure></testcase><testcase classname="backend.tests.test_neighbourly_api.TestAuth" name="test_me_no_token" time="0.044" /><testcase classname="backend.tests.test_neighbourly_api.TestLocalities" name="test_localities" time="0.042" /><testcase classname="backend.tests.test_neighbourly_api.TestPosts" name="test_list_posts_filtered_by_city" time="0.352" /><testcase classname="backend.tests.test_neighbourly_api.TestPosts" name="test_filter_by_category" time="0.041" /><testcase classname="backend.tests.test_neighbourly_api.TestPosts" name="test_create_and_like_post" time="0.175" /><testcase classname="backend.tests.test_neighbourly_api.TestPosts" name="test_like_non_existent" time="0.042" /><testcase classname="backend.tests.test_neighbourly_api.TestEvents" name="test_list_events" time="0.083" /><testcase classname="backend.tests.test_neighbourly_api.TestEvents" name="test_create_and_rsvp" time="0.167" /><testcase classname="backend.tests.test_neighbourly_api.TestMarketplace" name="test_list_market" time="0.043" /><testcase classname="backend.tests.test_neighbourly_api.TestMarketplace" name="test_create_market" time="0.040" /><testcase classname="backend.tests.test_neighbourly_api.TestAITranslate" name="test_translate_to_hindi" time="2.795" /><testcase classname="backend.tests.test_neighbourly_api.TestAITranslate" name="test_translate_to_english" time="1.239" /><testcase classname="backend.tests.test_neighbourly_api.TestSeedData" name="test_seed_users_login" time="1.323" /><testcase classname="backend.tests.test_neighbourly_api.TestSeedData" name="test_each_city_has_content" time="1.354" /></testsuite></testsuites>